#
# A fatal error has been detected by the Java Runtime Environment:
#
#  SIGSEGV (0xb) at pc=0x00007f397959a0ad, pid=22291, tid=22309
#
# JRE version: OpenJDK Runtime Environment (11.0.9.1+1) (build 11.0.9.1+1-Ubuntu-0ubuntu1.20.04)
# Java VM: OpenJDK 64-Bit Server VM (11.0.9.1+1-Ubuntu-0ubuntu1.20.04, mixed mode, sharing, tiered, compressed oops, g1 gc, linux-amd64)
# Problematic frame:
# C  [libjimage.so+0x30ad]
#
# Core dump will be written. Default location: Core dumps may be processed with "/usr/share/apport/apport %p %s %c %d %P %E" (or dumping to /home/adrien/Documents/OCR/java/projet5/projet/safetyNet/alerts_api/core.22291)
#
# If you would like to submit a bug report, please visit:
#   https://bugs.launchpad.net/ubuntu/+source/openjdk-lts
#

---------------  S U M M A R Y ------------

Command Line: -agentlib:jdwp=transport=dt_socket,suspend=y,address=localhost:35571 -ea -javaagent:/home/adrien/eclipse/configuration/org.eclipse.osgi/401/0/.cp/lib/javaagent-shaded.jar -Dfile.encoding=UTF-8 org.eclipse.jdt.internal.junit.runner.RemoteTestRunner -version 3 -port 41407 -testLoaderClass org.eclipse.jdt.internal.junit5.runner.JUnit5TestLoader -loaderpluginname org.eclipse.jdt.junit5.runtime -classNames com.safetynet.alerts_api.service.PersonServiceTest

Host: Intel(R) Pentium(R) CPU G645 @ 2.90GHz, 2 cores, 11G, Ubuntu 20.04.1 LTS
Time: Sun Jan 17 16:17:14 2021 CET elapsed time: 23.320604 seconds (0d 0h 0m 23s)

---------------  T H R E A D  ---------------

Current thread (0x00007f39701d4800):  JavaThread "Signal Dispatcher" daemon [_thread_in_vm, id=22309, stack(0x00007f395820f000,0x00007f3958310000)]

Stack: [0x00007f395820f000,0x00007f3958310000],  sp=0x00007f395830d1f0,  free space=1016k
Native frames: (J=compiled Java code, A=aot compiled Java code, j=interpreted, Vv=VM code, C=native code)
C  [libjimage.so+0x30ad]
C  [libjimage.so+0x3da2]
C  [libjimage.so+0x42b1]  JIMAGE_FindResource+0xf1
V  [libjvm.so+0x5ae8d1]
V  [libjvm.so+0x5b1081]
V  [libjvm.so+0xde0f0d]
V  [libjvm.so+0xddfa9a]
V  [libjvm.so+0xde205b]
V  [libjvm.so+0x66062e]
V  [libjvm.so+0x84ec06]
j  jdk.internal.misc.Signal.dispatch(I)V+25 java.base@11.0.9.1
v  ~StubRoutines::call_stub
V  [libjvm.so+0x8575d9]
V  [libjvm.so+0x8565f2]
V  [libjvm.so+0xbc09fe]
V  [libjvm.so+0xe17ccf]
V  [libjvm.so+0xe14330]
V  [libjvm.so+0xbd26e6]

Java frames: (J=compiled Java code, j=interpreted, Vv=VM code)
j  jdk.internal.misc.Signal.dispatch(I)V+25 java.base@11.0.9.1
v  ~StubRoutines::call_stub

siginfo: si_signo: 11 (SIGSEGV), si_code: 1 (SEGV_MAPERR), si_addr: 0x00007f396789e270

Register to memory mapping:

RAX=0x0000000000001495 is an unknown value
RBX=0x00007f395830d2a1 is pointing into the stack for thread: 0x00007f39701d4800
RCX=0x00007f395830d2c3 is pointing into the stack for thread: 0x00007f39701d4800
RDX=0x0000000000001495 is an unknown value
RSP=0x00007f395830d1f0 is pointing into the stack for thread: 0x00007f39701d4800
RBP=0x00007f395830d210 is pointing into the stack for thread: 0x00007f39701d4800
RSI=0x0 is NULL
RDI=0x00007f397959f030: <offset 0x0000000000008030> in /usr/lib/jvm/java-11-openjdk-amd64/lib/libjimage.so at 0x00007f3979597000
R8 =0x00007f396789901c is an unknown value
R9 =0x65746e692f6b646a is an unknown value
R10=0x73696d2f6c616e72 is an unknown value
R11=0x6c616e6769532f63 is an unknown value
R12=0x0000000000008412 is an unknown value
R13=0x00007f395830d2a0 is pointing into the stack for thread: 0x00007f39701d4800
R14=0x0 is NULL
R15=0x00007f39701d4ff0 points into unknown readable memory: 6a 64 6b 2f 69 6e 74 65


Registers:
RAX=0x0000000000001495, RBX=0x00007f395830d2a1, RCX=0x00007f395830d2c3, RDX=0x0000000000001495
RSP=0x00007f395830d1f0, RBP=0x00007f395830d210, RSI=0x0000000000000000, RDI=0x00007f397959f030
R8 =0x00007f396789901c, R9 =0x65746e692f6b646a, R10=0x73696d2f6c616e72, R11=0x6c616e6769532f63
R12=0x0000000000008412, R13=0x00007f395830d2a0, R14=0x0000000000000000, R15=0x00007f39701d4ff0
RIP=0x00007f397959a0ad, EFLAGS=0x0000000000010246, CSGSFS=0x002b000000000033, ERR=0x0000000000000004
  TRAPNO=0x000000000000000e

Top of Stack: (sp=0x00007f395830d1f0)
0x00007f395830d1f0:   0000000000000000 00007f395830e338
0x00007f395830d200:   00007f397000a030 00007f395830d2a0
0x00007f395830d210:   00007f395830d280 00007f397959ada2
0x00007f395830d220:   0000000000000000 0000000000000000 

Instructions: (pc=0x00007f397959a0ad)
0x00007f3979599fad:   f3 ff ff 44 03 65 90 e9 3f fe ff ff 0f 1f 80 00
0x00007f3979599fbd:   00 00 00 41 8b 10 41 89 55 00 41 8b 54 00 fc 41
0x00007f3979599fcd:   89 54 05 fc e9 82 fc ff ff 66 2e 0f 1f 84 00 00
0x00007f3979599fdd:   00 00 00 b9 0a 00 00 00 e9 f0 fc ff ff 41 0f b7
0x00007f3979599fed:   54 00 fe 66 41 89 54 05 fe e9 5d fc ff ff 0f 1f
0x00007f3979599ffd:   44 00 00 f3 0f 1e fa 0f b6 17 89 f0 89 f1 4c 8d
0x00007f397959a00d:   47 01 84 d2 74 1c 0f 1f 44 00 00 69 c9 93 01 00
0x00007f397959a01d:   01 49 83 c0 01 31 d1 41 0f b6 50 ff 84 d2 75 eb
0x00007f397959a02d:   89 c8 25 ff ff ff 7f c3 90 66 2e 0f 1f 84 00 00
0x00007f397959a03d:   00 00 00 f3 0f 1e fa 48 85 d2 0f 84 da 00 00 00
0x00007f397959a04d:   55 48 89 e5 41 55 41 54 41 89 cc 53 48 83 ec 08
0x00007f397959a05d:   85 c9 0f 84 ba 00 00 00 49 89 f5 48 8d 5e 01 0f
0x00007f397959a06d:   b6 36 49 89 d0 40 84 f6 0f 84 9d 00 00 00 48 89
0x00007f397959a07d:   d9 b8 93 01 00 01 0f 1f 44 00 00 69 d0 93 01 00
0x00007f397959a08d:   01 48 83 c1 01 40 0f b6 c6 0f b6 71 ff 31 d0 40
0x00007f397959a09d:   84 f6 75 e7 25 ff ff ff 7f 31 d2 41 f7 f4 89 d0
0x00007f397959a0ad:   41 8b 34 80 48 8b 07 ff 50 20 85 c0 7f 15 74 62
0x00007f397959a0bd:   f7 d0 41 89 c0 48 83 c4 08 44 89 c0 5b 41 5c 41
0x00007f397959a0cd:   5d 5d c3 41 0f b6 4d 00 89 c6 84 c9 74 1b 0f 1f
0x00007f397959a0dd:   44 00 00 69 f6 93 01 00 01 48 83 c3 01 31 ce 0f
0x00007f397959a0ed:   b6 4b ff 84 c9 75 ec 89 f0 25 ff ff ff 7f 31 d2
0x00007f397959a0fd:   48 83 c4 08 41 f7 f4 5b 41 5c 41 5d 5d 41 89 d0
0x00007f397959a10d:   44 89 c0 c3 0f 1f 80 00 00 00 00 b8 93 01 00 01
0x00007f397959a11d:   eb 87 41 b8 ff 