#
# A fatal error has been detected by the Java Runtime Environment:
#
#  SIGSEGV (0xb) at pc=0x00007fda519670ad, pid=16242, tid=16258
#
# JRE version: OpenJDK Runtime Environment (11.0.9.1+1) (build 11.0.9.1+1-Ubuntu-0ubuntu1.20.04)
# Java VM: OpenJDK 64-Bit Server VM (11.0.9.1+1-Ubuntu-0ubuntu1.20.04, mixed mode, sharing, tiered, compressed oops, g1 gc, linux-amd64)
# Problematic frame:
# C  [libjimage.so+0x30ad]
#
# Core dump will be written. Default location: Core dumps may be processed with "/usr/share/apport/apport %p %s %c %d %P %E" (or dumping to /home/adrien/Documents/OCR/java/projet5/projet/safetyNet/alerts_api/core.16242)
#
# If you would like to submit a bug report, please visit:
#   https://bugs.launchpad.net/ubuntu/+source/openjdk-lts
#

---------------  S U M M A R Y ------------

Command Line: -agentlib:jdwp=transport=dt_socket,suspend=y,address=localhost:38475 -ea -javaagent:/home/adrien/eclipse/configuration/org.eclipse.osgi/401/0/.cp/lib/javaagent-shaded.jar -Dfile.encoding=UTF-8 org.eclipse.jdt.internal.junit.runner.RemoteTestRunner -version 3 -port 42725 -testLoaderClass org.eclipse.jdt.internal.junit5.runner.JUnit5TestLoader -loaderpluginname org.eclipse.jdt.junit5.runtime -classNames com.safetynet.alerts_api.service.PersonServiceTest

Host: Intel(R) Pentium(R) CPU G645 @ 2.90GHz, 2 cores, 11G, Ubuntu 20.04.1 LTS
Time: Sun Jan 17 16:30:11 2021 CET elapsed time: 8106.348317 seconds (0d 2h 15m 6s)

---------------  T H R E A D  ---------------

Current thread (0x00007fda4c1d4800):  JavaThread "Signal Dispatcher" daemon [_thread_in_vm, id=16258, stack(0x00007fda280de000,0x00007fda281df000)]

Stack: [0x00007fda280de000,0x00007fda281df000],  sp=0x00007fda281dc1f0,  free space=1016k
Native frames: (J=compiled Java code, A=aot compiled Java code, j=interpreted, Vv=VM code, C=native code)
C  [libjimage.so+0x30ad]
C  [libjimage.so+0x3da2]
C  [libjimage.so+0x42b1]  JIMAGE_FindResource+0xf1
V  [libjvm.so+0x5ae8d1]
V  [libjvm.so+0x5b1081]
V  [libjvm.so+0xde0f0d]
V  [libjvm.so+0xddfa9a]
V  [libjvm.so+0xde205b]
V  [libjvm.so+0x66062e]
V  [libjvm.so+0x84ec06]
j  jdk.internal.misc.Signal.dispatch(I)V+25 java.base@11.0.9.1
v  ~StubRoutines::call_stub
V  [libjvm.so+0x8575d9]
V  [libjvm.so+0x8565f2]
V  [libjvm.so+0xbc09fe]
V  [libjvm.so+0xe17ccf]
V  [libjvm.so+0xe14330]
V  [libjvm.so+0xbd26e6]

Java frames: (J=compiled Java code, j=interpreted, Vv=VM code)
j  jdk.internal.misc.Signal.dispatch(I)V+25 java.base@11.0.9.1
v  ~StubRoutines::call_stub

siginfo: si_signo: 11 (SIGSEGV), si_code: 1 (SEGV_MAPERR), si_addr: 0x00007fda43870270

Register to memory mapping:

RAX=0x0000000000001495 is an unknown value
RBX=0x00007fda281dc2a1 is pointing into the stack for thread: 0x00007fda4c1d4800
RCX=0x00007fda281dc2c3 is pointing into the stack for thread: 0x00007fda4c1d4800
RDX=0x0000000000001495 is an unknown value
RSP=0x00007fda281dc1f0 is pointing into the stack for thread: 0x00007fda4c1d4800
RBP=0x00007fda281dc210 is pointing into the stack for thread: 0x00007fda4c1d4800
RSI=0x0 is NULL
RDI=0x00007fda5196c030: <offset 0x0000000000008030> in /usr/lib/jvm/java-11-openjdk-amd64/lib/libjimage.so at 0x00007fda51964000
R8 =0x00007fda4386b01c is an unknown value
R9 =0x65746e692f6b646a is an unknown value
R10=0x73696d2f6c616e72 is an unknown value
R11=0x6c616e6769532f63 is an unknown value
R12=0x0000000000008412 is an unknown value
R13=0x00007fda281dc2a0 is pointing into the stack for thread: 0x00007fda4c1d4800
R14=0x0 is NULL
R15=0x00007fda4c1d5140 points into unknown readable memory: 6a 64 6b 2f 69 6e 74 65


Registers:
RAX=0x0000000000001495, RBX=0x00007fda281dc2a1, RCX=0x00007fda281dc2c3, RDX=0x0000000000001495
RSP=0x00007fda281dc1f0, RBP=0x00007fda281dc210, RSI=0x0000000000000000, RDI=0x00007fda5196c030
R8 =0x00007fda4386b01c, R9 =0x65746e692f6b646a, R10=0x73696d2f6c616e72, R11=0x6c616e6769532f63
R12=0x0000000000008412, R13=0x00007fda281dc2a0, R14=0x0000000000000000, R15=0x00007fda4c1d5140
RIP=0x00007fda519670ad, EFLAGS=0x0000000000010246, CSGSFS=0x002b000000000033, ERR=0x0000000000000004
  TRAPNO=0x000000000000000e

Top of Stack: (sp=0x00007fda281dc1f0)
0x00007fda281dc1f0:   0000000000000001 00007fda281dd338
0x00007fda281dc200:   00007fda4c00a030 00007fda281dc2a0
0x00007fda281dc210:   00007fda281dc280 00007fda51967da2
0x00007fda281dc220:   00007fda3c546e10 00007fda511e0956 

Instructions: (pc=0x00007fda519670ad)
0x00007fda51966fad:   f3 ff ff 44 03 65 90 e9 3f fe ff ff 0f 1f 80 00
0x00007fda51966fbd:   00 00 00 41 8b 10 41 89 55 00 41 8b 54 00 fc 41
0x00007fda51966fcd:   89 54 05 fc e9 82 fc ff ff 66 2e 0f 1f 84 00 00
0x00007fda51966fdd:   00 00 00 b9 0a 00 00 00 e9 f0 fc ff ff 41 0f b7
0x00007fda51966fed:   54 00 fe 66 41 89 54 05 fe e9 5d fc ff ff 0f 1f
0x00007fda51966ffd:   44 00 00 f3