#
# A fatal error has been detected by the Java Runtime Environment:
#
#  SIGSEGV (0xb) at pc=0x00007f3771e390ad, pid=18423, tid=18438
#
# JRE version: OpenJDK Runtime Environment (11.0.9.1+1) (build 11.0.9.1+1-Ubuntu-0ubuntu1.20.04)
# Java VM: OpenJDK 64-Bit Server VM (11.0.9.1+1-Ubuntu-0ubuntu1.20.04, mixed mode, sharing, tiered, compressed oops, g1 gc, linux-amd64)
# Problematic frame:
# C  [libjimage.so+0x30ad]
#
# Core dump will be written. Default location: Core dumps may be processed with "/usr/share/apport/apport %p %s %c %d %P %E" (or dumping to /home/adrien/Documents/OCR/java/projet5/projet/safetyNet/alerts_api/core.18423)
#
# If you would like to submit a bug report, please visit:
#   https://bugs.launchpad.net/ubuntu/+source/openjdk-lts
#

---------------  S U M M A R Y ------------

Command Line: -agentlib:jdwp=transport=dt_socket,suspend=y,address=localhost:42439 -ea -javaagent:/home/adrien/eclipse/configuration/org.eclipse.osgi/401/0/.cp/lib/javaagent-shaded.jar -Dfile.encoding=UTF-8 org.eclipse.jdt.internal.junit.runner.RemoteTestRunner -version 3 -port 37841 -testLoaderClass org.eclipse.jdt.internal.junit5.runner.JUnit5TestLoader -loaderpluginname org.eclipse.jdt.junit5.runtime -classNames com.safetynet.alerts_api.service.PersonServiceTest

Host: Intel(R) Pentium(R) CPU G645 @ 2.90GHz, 2 cores, 11G, Ubuntu 20.04.1 LTS
Time: Sun Jan 17 15:49:20 2021 CET elapsed time: 3567.610170 seconds (0d 0h 59m 27s)

---------------  T H R E A D  ---------------

Current thread (0x00007f376c1d4800):  JavaThread "Signal Dispatcher" daemon [_thread_in_vm, id=18438, stack(0x00007f37485ae000,0x00007f37486af000)]

Stack: [0x00007f37485ae000,0x00007f37486af000],  sp=0x00007f37486ac1f0,  free space=1016k
Native frames: (J=compiled Java code, A=aot compiled Java code, j=interpreted, Vv=VM code, C=native code)
C  [libjimage.so+0x30ad]
C  [libjimage.so+0x3da2]
C  [libjimage.so+0x42b1]  JIMAGE_FindResource+0xf1
V  [libjvm.so+0x5ae8d1]
V  [libjvm.so+0x5b1081]
V  [libjvm.so+0xde0f0d]
V  [libjvm.so+0xddfa9a]
V  [libjvm.so+0xde205b]
V  [libjvm.so+0x66062e]
V  [libjvm.so+0x84ec06]
j  jdk.internal.misc.Signal.dispatch(I)V+25 java.base@11.0.9.1
v  ~StubRoutines::call_stub
V  [libjvm.so+0x8575d9]
V  [libjvm.so+0x8565f2]
V  [libjvm.so+0xbc09fe]
V  [libjvm.so+0xe17ccf]
V  [libjvm.so+0xe14330]
V  [libjvm.so+0xbd26e6]

Java frames: (J=compiled Java code, j=interpreted, Vv=VM code)
j  jdk.internal.misc.Signal.dispatch(I)V+25 java.base@11.0.9.1
v  ~StubRoutines::call_stub

siginfo: si_signo: 11 (SIGSEGV), si_code: 1 (SEGV_MAPERR), si_addr: 0x00007f376389e270

Register to memory mapping:

RAX=0x0000000000001495 is an unknown value
RBX=0x00007f37486ac2a1 is pointing into the stack for thread: 0x00007f376c1d4800
RCX=0x00007f37486ac2c3 is pointing into the stack for thread: 0x00007f376c1d4800
RDX=0x0000000000001495 is an unknown value
RSP=0x00007f37486ac1f0 is pointing into the stack for thread: 0x00007f376c1d4800
RBP=0x00007f37486ac210 is pointing into the stack for thread: 0x00007f376c1d4800
RSI=0x0 is NULL
RDI=0x00007f3771e3e030: <offset 0x0000000000008030> in /usr/lib/jvm/java-11-openjdk-amd64/lib/libjimage.so at 0x00007f3771e36000
R8 =0x00007f376389901c is an unknown value
R9 =0x65746e692f6b646a is an unknown value
R10=0x73696d2f6c616e72 is an unknown value
R11=0x6c616e6769532f63 is an unknown value
R12=0x0000000000008412 is an unknown value
R13=0x00007f37486ac2a0 is pointing into the stack for thread: 0x00007f376c1d4800
R14=0x0 is NULL
R15=0x00007f376c1d5140 points into unknown readable memory: 6a 64 6b 2f 69 6e 74 65


Registers:
RAX=0x0000000000001495, RBX=0x00007f37486ac2a1, RCX=0x00007f37486ac2c3, RDX=0x0000000000001495
RSP=0x00007f37486ac1f0, RBP=0x00007f37486ac210, RSI=0x0000000000000000, RDI=0x00007f3771e3e030
R8 =0x00007f376389901c, R9 =0x65746e692f6b646a, R10=0x73696d2f6c616e72, R11=0x6c616e6769532f63
R12=0x0000000000008412, R13=0x00007f37486ac2a0, R14=0x0000000000000000, R15=0x00007f376c1d5140
RIP=0x00007f3771e390ad, EFLAGS=0x0000000000010246, CSGSFS=0x002b000000000033, ERR=0x0000000000000004
  TRAPNO=0x000000000000000e

Top of Stack: (sp=0x00007f37486ac1f0)
0x00007f37486ac1f0:   0000000000000001 00007f37486ad338
0x00007f37486ac200:   00007f376c00a030 00007f37486ac2a0
0x00007f37486ac210:   00007f37486ac280 00007f3771e39da2
0x00007f37486ac220:   00007f375c636c10 00007f37716b2956 

Instructions: (pc=0x00007f3771e390ad)
0x00007f3771e38fad:   f3 ff ff 44 03 65 90 e9 3f fe ff ff 0f 1f 80 00
0x00007f3771e38fbd:   00 00 00 41 8b 10 41 89 55 00 41 8b 54 00 fc 41
0x00007f3771e38fcd:   89 54 05 fc e9 82 fc ff ff 66 2e 0f 1f 84 00 00
0x00007f3771e38fdd:   00 00 00 b9 0a 00 00 00 e9 f0 fc ff ff 41 0f b7
0x00007f3771e38fed:   54 00 fe 66 41 89 54 05 fe e9 5d fc ff ff 0f 1f
0x00007f3771e38ffd:   44 00 00 f3 0f 1e fa 0f b6 17 89 f0 89 f1 4c 8d
0x00007f3771e3900d:   47 01 84 d2 74 1c 0f 1f 44 00 00 69 c9 93 01 00
0x00007f3771e3901d:   01 49 83 c0 01 31 d1 41 0f b6 50 ff 84 d2 75 eb
0x00007f3771e3902d:   89 c8 25 ff ff ff 7f c3 90 66 2e 0f 1f 84 00 00
0x00007f3771e3903d:   00 00 00 f3 0f 1e fa 48 85 d2 0f 84 da 00 00 00
0x00007f3771e3904d:   55 48 89 e5 41 55 41 54 41 89 cc 53 48 83 ec 08
0x00007f3771e3905d:   85 c9 0f 84 ba 00 00 00 49 89 f5 48 8d 5e 01 0f
0x00007f3771e3906d:   b6 36 49 89 d0 40 84 f6 0f 84 9d 00 00 00 48 89
0x00007f3771e3907d:   d9 b8 93 01 00 01 0f 1f 44 00 00 69 d0 93 01 00
0x00007f3771e3908d:   01 48 83 c1 01 40 0f b6 c6 0f b6 71 ff 31 d0 40
0x00007f3771e3909d:   84 f6 75 e7 25 ff ff ff 7f 31 d2 41 f7 f4 89 d0
0x00007f3771e390ad:   41 8b 34 80 48 8b 07 ff 50 20 85 c0 7f 15 74 62
0x00007f3771e390bd:   f7 d0 41 89 c0 48 83 c4 08 44 89 c0 5b 41 5c 41
0x00007f3771e390cd:   5d 5d c3 41 0f b6 4d 00 89 c6 84 c9 74 1b 0f 1f
0x00007f3771e390dd:   44 00 00 69 f6 93 01 00 01 48 83 c3 01 31 ce 0f
0x00007f3771e390ed:   b6 4b ff 84 c9 75 ec 89 f0 25 ff ff ff 7f 31 d2
0x00007f3771e390fd:   48 83 c4 08 41 f7 f4 5b 41 5c 41 5d 5d 41 89 d0
0x00007f3771e3910d:   44 89 c0 c3 0f 1f 80 00 00 00 00 b8 93 01 00 01
0x00007f3771e3911d:   eb 87 41 b8 ff ff ff ff eb 9b 41 83 c8 ff 44 89
0x00007f3771e3912d:   c0 c3 90 f3 0f 1e fa eb 1d 66 2e 0f 1f 84 00 00
0x00007f3771e3913d:   00 00 00 0f b6 16 84 d2 74 13 38 c2 75 15 48 83
0x00007f3771e3914d:   c7 01 48 83 c6 01 0f b6 07 84 c0 75 e6 48 89 f8
0x00007f3771e3915d:   c3 66 90 31 c0 c3 90 66 66 2e 0f 1f 84 00 00 00
0x00007f3771e3916d:   00 00 90 f3 0f 1e fa 48 85 f6 74 51 0f b6 06 84
0x00007f3771e3917d:   c0 74 4a 0f b6 d0 83 e0 07 c1 fa 03 44 8d 50 01
